{
    "failures": [], 
    "tasks": [
        {
            "taskArn": "arn:aws:ecs:us-west-2:445803720301:task/8941f10e-38c6-4981-a728-a135dadacadd", 
            "overrides": {
                "containerOverrides": [
                    {
                        "name": "ConfigRedeploy"
                    }
                ]
            }, 
            "lastStatus": "PENDING", 
            "containerInstanceArn": "arn:aws:ecs:us-west-2:445803720301:container-instance/e5f192e7-062a-4ab8-80a6-2b42494a55dd", 
            "createdAt": 1468792100.071, 
            "clusterArn": "arn:aws:ecs:us-west-2:445803720301:cluster/mini", 
            "desiredStatus": "RUNNING", 
            "taskDefinitionArn": "arn:aws:ecs:us-west-2:445803720301:task-definition/ConfigRedeploy:9", 
            "startedBy": "RenatAutoDeployer", 
            "containers": [
                {
                    "containerArn": "arn:aws:ecs:us-west-2:445803720301:container/3256f6f7-a2d4-4c85-a406-9299de239559", 
                    "taskArn": "arn:aws:ecs:us-west-2:445803720301:task/8941f10e-38c6-4981-a728-a135dadacadd", 
                    "lastStatus": "PENDING", 
                    "name": "ConfigRedeploy"
                }
            ]
        }
    ]
}
