{
    "service": {
        "status": "ACTIVE", 
        "taskDefinition": "arn:aws:ecs:us-west-2:445803720301:task-definition/LogUploader:16", 
        "pendingCount": 0, 
        "loadBalancers": [], 
        "createdAt": 1468788890.063, 
        "desiredCount": 1, 
        "serviceName": "LogUploader", 
        "clusterArn": "arn:aws:ecs:us-west-2:445803720301:cluster/mini", 
        "serviceArn": "arn:aws:ecs:us-west-2:445803720301:service/LogUploader", 
        "deploymentConfiguration": {
            "maximumPercent": 100, 
            "minimumHealthyPercent": 0
        }, 
        "deployments": [
            {
                "status": "PRIMARY", 
                "pendingCount": 0, 
                "createdAt": 1468791894.016, 
                "desiredCount": 1, 
                "taskDefinition": "arn:aws:ecs:us-west-2:445803720301:task-definition/LogUploader:16", 
                "updatedAt": 1468791894.016, 
                "id": "ecs-svc/9223370568062881791", 
                "runningCount": 0
            }, 
            {
                "status": "ACTIVE", 
                "pendingCount": 0, 
                "createdAt": 1468791335.664, 
                "desiredCount": 1, 
                "taskDefinition": "arn:aws:ecs:us-west-2:445803720301:task-definition/LogUploader:15", 
                "updatedAt": 1468791335.664, 
                "id": "ecs-svc/9223370568063440143", 
                "runningCount": 1
            }
        ], 
        "events": [
            {
                "message": "(service LogUploader) has reached a steady state.", 
                "id": "c279271f-dd3e-403e-9b5e-956a5ab9acb9", 
                "createdAt": 1468791400.87
            }, 
            {
                "message": "(service LogUploader) has stopped 1 running tasks: (task 552898c0-5e23-4a42-9dac-2e4d1c618177).", 
                "id": "cde526b0-f19f-4623-af33-7be4e7a4b139", 
                "createdAt": 1468791358.32
            }, 
            {
                "message": "(service LogUploader) has started 1 tasks: (task eb8f49da-3fba-4e9b-9c30-9aa290e19c9b).", 
                "id": "b4d29081-23ca-451c-acf4-da67a91a2ba8", 
                "createdAt": 1468791348.782
            }, 
            {
                "message": "(service LogUploader) has reached a steady state.", 
                "id": "41ae04ca-8ea0-452e-8eec-4457866a7423", 
                "createdAt": 1468790799.242
            }, 
            {
                "message": "(service LogUploader) has started 1 tasks: (task 552898c0-5e23-4a42-9dac-2e4d1c618177).", 
                "id": "5e807739-1198-49c3-91a3-b30fb10878ac", 
                "createdAt": 1468790788.553
            }, 
            {
                "message": "(service LogUploader) has started 1 tasks: (task 0e919174-a066-4ac6-98b8-6e178defdf69).", 
                "id": "d06cd94c-4b7c-447e-a4d4-e0d278d8d185", 
                "createdAt": 1468790778.116
            }, 
            {
                "message": "(service LogUploader) has started 1 tasks: (task 57e697b3-f6c7-478e-9e2c-1346b1bb43d2).", 
                "id": "93424fa5-6947-4c58-9080-78f70111c5ea", 
                "createdAt": 1468790767.778
            }, 
            {
                "message": "(service LogUploader) has started 1 tasks: (task 8cec7ad4-df2c-4659-b34b-33fc26c82515).", 
                "id": "ed9ab2a4-821a-4fc9-9b4e-a433cb2870f7", 
                "createdAt": 1468790757.553
            }, 
            {
                "message": "(service LogUploader) has started 1 tasks: (task bc62eb7b-37c8-4255-a92a-2e43b39a7d07).", 
                "id": "7e8c1474-8c0a-4189-9e40-b0e972e3a1b2", 
                "createdAt": 1468790746.977
            }, 
            {
                "message": "(service LogUploader) has started 1 tasks: (task 0b78ec9c-b485-442e-8973-8c156972821c).", 
                "id": "97fc9b61-e802-427a-aa39-4e33bc47ae2a", 
                "createdAt": 1468790736.758
            }, 
            {
                "message": "(service LogUploader) has started 1 tasks: (task d1d22535-e679-453d-9f6a-9f305b1ff64b).", 
                "id": "2bfc7b1b-d5fc-4afb-81a4-a6cb0c10acf3", 
                "createdAt": 1468790726.502
            }, 
            {
                "message": "(service LogUploader) has started 1 tasks: (task 020cdd29-d914-476d-9d01-2995f849a707).", 
                "id": "ae9c5366-fb90-44a3-907b-25415522b616", 
                "createdAt": 1468790715.765
            }, 
            {
                "message": "(service LogUploader) has started 1 tasks: (task 9f237055-50ba-4597-8e51-16f7e4b5609e).", 
                "id": "6a1feb75-c84c-4791-aa31-adbef71552b1", 
                "createdAt": 1468790704.866
            }, 
            {
                "message": "(service LogUploader) has started 1 tasks: (task 5463a7cf-2ed9-405e-a52c-bdfc0f768e0b).", 
                "id": "6df98948-b0a3-4208-9def-3cde79569aeb", 
                "createdAt": 1468790694.534
            }, 
            {
                "message": "(service LogUploader) has started 1 tasks: (task 21aa6b8b-5c32-4628-935f-450c0d0c0b7f).", 
                "id": "52f13bfe-ea96-44c3-ab30-b2fa9cffb88e", 
                "createdAt": 1468790684.274
            }, 
            {
                "message": "(service LogUploader) has started 1 tasks: (task f3b6b774-310e-4bbd-8282-3adff19328c9).", 
                "id": "5566277a-590b-4524-b6eb-ede8e1e26c4b", 
                "createdAt": 1468790673.816
            }, 
            {
                "message": "(service LogUploader) has started 1 tasks: (task 651fb308-6ae7-4a12-b2da-17c62b9c78af).", 
                "id": "64a5a22e-c9a2-4076-84fe-f4074b726614", 
                "createdAt": 1468790663.439
            }, 
            {
                "message": "(service LogUploader) has started 1 tasks: (task dd63c897-9861-4841-a29f-4ad7e417bf7c).", 
                "id": "770d2405-4696-4b55-affa-3823a8ee05ba", 
                "createdAt": 1468790652.985
            }, 
            {
                "message": "(service LogUploader) has started 1 tasks: (task 8f3a6cf4-3607-40df-8e49-ff4c237f3630).", 
                "id": "7d267dd3-f870-4b32-99bb-05c185806098", 
                "createdAt": 1468790642.523
            }, 
            {
                "message": "(service LogUploader) has started 1 tasks: (task 0e27e5f3-6846-452a-9fe4-600b6bbaf704).", 
                "id": "a9a1b4eb-3ec6-40fc-bf29-b7f4e7513691", 
                "createdAt": 1468790632.161
            }, 
            {
                "message": "(service LogUploader) has started 1 tasks: (task 8a670ddb-b858-4e7f-b560-4e79209ddfc2).", 
                "id": "c44d6e06-f2af-409e-a320-01ef1e28f2c3", 
                "createdAt": 1468790621.422
            }, 
            {
                "message": "(service LogUploader) has started 1 tasks: (task aaf3b302-71c6-4b9c-9b7a-4e2d42bee42b).", 
                "id": "d1c3429c-a107-4147-bddc-f2330149be8e", 
                "createdAt": 1468790611.048
            }, 
            {
                "message": "(service LogUploader) has started 1 tasks: (task fa2e34de-06f4-471a-be05-6aaed23261dc).", 
                "id": "1bfb5ebd-1f13-4dee-b255-7e2420afc539", 
                "createdAt": 1468790600.904
            }, 
            {
                "message": "(service LogUploader) has started 1 tasks: (task 30ab545f-fd11-43b0-a23e-1876f9a0098f).", 
                "id": "e2515015-66f3-4a29-8dd9-6e4e924e2d6f", 
                "createdAt": 1468790590.135
            }, 
            {
                "message": "(service LogUploader) has started 1 tasks: (task 7e5ef6a8-1747-4c41-8b88-337d08c7d290).", 
                "id": "f56df985-4fe2-49af-aada-41f3a4ba09ce", 
                "createdAt": 1468790579.896
            }, 
            {
                "message": "(service LogUploader) has started 1 tasks: (task f737fcf4-2a12-4470-ade1-59cfd411a4a0).", 
                "id": "e63129ee-8e5c-4130-a6b1-ecfa49587364", 
                "createdAt": 1468790569.333
            }, 
            {
                "message": "(service LogUploader) has started 1 tasks: (task 6227dc9d-f9e8-44a0-8376-36922a208ac8).", 
                "id": "fcffd2c6-fdd7-4a26-8103-e33e41123240", 
                "createdAt": 1468790559.099
            }, 
            {
                "message": "(service LogUploader) has started 1 tasks: (task f88ac850-b302-414e-b096-91e7e471c653).", 
                "id": "dd6cc900-4bde-4d4e-9e42-03a191f581fb", 
                "createdAt": 1468790548.445
            }, 
            {
                "message": "(service LogUploader) has started 1 tasks: (task e8476255-df64-4889-9b52-a52c9f84d070).", 
                "id": "1c4d90c4-bbe5-40db-adff-01d0ac3df7ec", 
                "createdAt": 1468790538.184
            }, 
            {
                "message": "(service LogUploader) has started 1 tasks: (task 9c6a4476-d770-44b1-9132-d94128ce1e01).", 
                "id": "8654a8e4-a84d-4777-9c37-bb2a4e818f36", 
                "createdAt": 1468790527.517
            }, 
            {
                "message": "(service LogUploader) has started 1 tasks: (task 5d52a2c9-93e6-4f79-ae9f-b0b33ca04474).", 
                "id": "7d442c6d-2a63-41c8-a716-f5d984e4db2b", 
                "createdAt": 1468790517.227
            }, 
            {
                "message": "(service LogUploader) has started 1 tasks: (task 0ba84794-1d04-49f5-b3cf-2a039645de1e).", 
                "id": "b4047c35-56fd-4868-8091-81e65599400f", 
                "createdAt": 1468790506.596
            }, 
            {
                "message": "(service LogUploader) has started 1 tasks: (task e69d9599-de1e-4618-9bcb-31710af97d91).", 
                "id": "c8a1360b-a55a-4b08-8e60-1ba56b4fd063", 
                "createdAt": 1468790496.317
            }, 
            {
                "message": "(service LogUploader) has started 1 tasks: (task 1868c1df-ffef-4927-af85-6c53939d7fe4).", 
                "id": "81eda3cb-18fe-4c30-9f92-2849f6c34e23", 
                "createdAt": 1468790485.963
            }, 
            {
                "message": "(service LogUploader) has started 1 tasks: (task 9bc67f57-c89f-4edb-b21e-8cb2d21e708f).", 
                "id": "c0402863-be11-49ad-88fb-f8d5bd07e60c", 
                "createdAt": 1468790475.503
            }, 
            {
                "message": "(service LogUploader) has started 1 tasks: (task fb874e04-2e45-458e-a430-060f6f936481).", 
                "id": "837ff5cf-f158-4ac4-b9c7-aca45d6b478c", 
                "createdAt": 1468790464.766
            }, 
            {
                "message": "(service LogUploader) has started 1 tasks: (task 0257216a-d730-43fa-8250-8e16752a0d21).", 
                "id": "2d57ffeb-14b9-4aff-bbf6-e2698d1cc253", 
                "createdAt": 1468790454.736
            }, 
            {
                "message": "(service LogUploader) has reached a steady state.", 
                "id": "4e87f5a0-0a7f-417b-8789-b4411743d04f", 
                "createdAt": 1468789459.461
            }, 
            {
                "message": "(service LogUploader) has started 1 tasks: (task efd33abf-7bcc-4abc-81e9-519c0a602ac3).", 
                "id": "b3bf9500-91aa-492e-8529-ce17a438438a", 
                "createdAt": 1468789449.156
            }, 
            {
                "message": "(service LogUploader) has started 1 tasks: (task f2eed886-45d0-4694-88e9-0bb6fde05d8f).", 
                "id": "591dd506-f94f-4b7b-88bc-47b8ba965291", 
                "createdAt": 1468789438.778
            }, 
            {
                "message": "(service LogUploader) has started 1 tasks: (task 015b9cbe-d41e-4fd2-8ee5-546d9dd025b8).", 
                "id": "bffb77d8-ced8-407a-8c8e-7bac4577569d", 
                "createdAt": 1468789428.049
            }, 
            {
                "message": "(service LogUploader) has started 1 tasks: (task 4352ab43-8061-4431-ac1a-b2ad8f93aef4).", 
                "id": "8a054ac7-44dc-4933-9a55-440f79bab1b3", 
                "createdAt": 1468789417.811
            }, 
            {
                "message": "(service LogUploader) has started 1 tasks: (task 36d46c00-81d1-4207-a0d2-a2000f64be1a).", 
                "id": "4109e55c-0e18-44fd-b16b-eceed73b7e6a", 
                "createdAt": 1468789407.458
            }, 
            {
                "message": "(service LogUploader) has started 1 tasks: (task 1fe4a56a-b1c1-4272-9d8b-91a8c287d0fb).", 
                "id": "0f0cebd6-184a-4b1b-8789-cea41f7a619e", 
                "createdAt": 1468789396.903
            }, 
            {
                "message": "(service LogUploader) has started 1 tasks: (task 70b057bf-c0f1-40c5-a8c5-73f819ec0eb5).", 
                "id": "3d419c55-0737-4ff8-8f67-a10fcd2006ef", 
                "createdAt": 1468789386.438
            }, 
            {
                "message": "(service LogUploader) has started 1 tasks: (task 6900cfc4-a499-4bad-a0e2-8fafc0c127ed).", 
                "id": "86205041-655e-4011-8c27-2cb75da8afd4", 
                "createdAt": 1468789375.978
            }, 
            {
                "message": "(service LogUploader) has started 1 tasks: (task ddf7732c-556a-4ae9-97c8-bcd5cde0e59a).", 
                "id": "c4fe2097-5df5-4ebd-a468-f61a4cc5feb2", 
                "createdAt": 1468789365.553
            }, 
            {
                "message": "(service LogUploader) has started 1 tasks: (task b3ffcf6c-85b2-4331-a1b9-44b4757b69b9).", 
                "id": "54c88473-2436-441c-af40-05ddfc061f40", 
                "createdAt": 1468789354.78
            }, 
            {
                "message": "(service LogUploader) has started 1 tasks: (task 880a938c-7842-467d-a267-8d6de82c9781).", 
                "id": "b31bfa96-a192-4b16-8755-f8d61b7b3591", 
                "createdAt": 1468789344.426
            }, 
            {
                "message": "(service LogUploader) has started 1 tasks: (task cf60dc51-7cfd-454e-838e-dcb0a568dff7).", 
                "id": "54282cf9-54d0-4e17-8ad2-9a08685d040e", 
                "createdAt": 1468789333.564
            }, 
            {
                "message": "(service LogUploader) has started 1 tasks: (task db4e3f88-7eb9-4b69-9dbc-b10b7e093da4).", 
                "id": "81a0b776-faa7-4163-af4c-d886f6169f07", 
                "createdAt": 1468789322.964
            }, 
            {
                "message": "(service LogUploader) has started 1 tasks: (task 62ea5ff6-89f7-471f-adbc-5212cc0c8f49).", 
                "id": "1bda2fc2-b5f9-4bf6-947e-3e2aa7976eb0", 
                "createdAt": 1468789312.873
            }, 
            {
                "message": "(service LogUploader) has started 1 tasks: (task d298d350-6067-4486-8945-81b97d33d425).", 
                "id": "f8970613-715c-42ab-a1c8-841637a9d34d", 
                "createdAt": 1468789302.192
            }, 
            {
                "message": "(service LogUploader) has started 1 tasks: (task d1056b36-c6d3-4dc3-8e66-5050e77c9ff6).", 
                "id": "7fa2c5af-67e7-4af0-85b6-3b2f3c08f329", 
                "createdAt": 1468789291.275
            }, 
            {
                "message": "(service LogUploader) has started 1 tasks: (task b9fecf05-e113-4e5e-ba2a-0892022c2090).", 
                "id": "6ba79ca9-6b7d-4306-825e-1f27f9535986", 
                "createdAt": 1468789280.923
            }, 
            {
                "message": "(service LogUploader) has started 1 tasks: (task f94dacbc-e98b-4d12-b710-c98ee7b693fa).", 
                "id": "b0407d7e-0049-4d9e-bcd2-25ffc7b1ddbe", 
                "createdAt": 1468789271.658
            }, 
            {
                "message": "(service LogUploader) has reached a steady state.", 
                "id": "9e35df84-a60c-49f5-91fd-4ab1da4b165b", 
                "createdAt": 1468788890.386
            }
        ], 
        "runningCount": 1
    }
}
